<?xml version="1.0" encoding="UTF-8"?>
<testsuites tests="22" failures="0" disabled="0" errors="0" time="0.077" timestamp="2025-09-22T17:17:19.226" name="AllTests">
  <testsuite name="MathTest" tests="4" failures="0" disabled="0" skipped="0" errors="0" time="0." timestamp="2025-09-22T17:17:19.226">
    <testcase name="BasicArithmetic" file="/Users/igor/Desktop/GameAppsAi/FastEngine/tests/unit/simple_math_test.cpp" line="17" status="run" result="completed" time="0." timestamp="2025-09-22T17:17:19.226" classname="MathTest" />
    <testcase name="MathFunctions" file="/Users/igor/Desktop/GameAppsAi/FastEngine/tests/unit/simple_math_test.cpp" line="25" status="run" result="completed" time="0." timestamp="2025-09-22T17:17:19.226" classname="MathTest" />
    <testcase name="FloatingPoint" file="/Users/igor/Desktop/GameAppsAi/FastEngine/tests/unit/simple_math_test.cpp" line="33" status="run" result="completed" time="0." timestamp="2025-09-22T17:17:19.226" classname="MathTest" />
    <testcase name="EdgeCases" file="/Users/igor/Desktop/GameAppsAi/FastEngine/tests/unit/simple_math_test.cpp" line="39" status="run" result="completed" time="0." timestamp="2025-09-22T17:17:19.226" classname="MathTest" />
  </testsuite>
  <testsuite name="StringTest" tests="4" failures="0" disabled="0" skipped="0" errors="0" time="0." timestamp="2025-09-22T17:17:19.226">
    <testcase name="BasicOperations" file="/Users/igor/Desktop/GameAppsAi/FastEngine/tests/unit/simple_string_test.cpp" line="20" status="run" result="completed" time="0." timestamp="2025-09-22T17:17:19.226" classname="StringTest" />
    <testcase name="StringSearch" file="/Users/igor/Desktop/GameAppsAi/FastEngine/tests/unit/simple_string_test.cpp" line="27" status="run" result="completed" time="0." timestamp="2025-09-22T17:17:19.226" classname="StringTest" />
    <testcase name="StringModification" file="/Users/igor/Desktop/GameAppsAi/FastEngine/tests/unit/simple_string_test.cpp" line="34" status="run" result="completed" time="0." timestamp="2025-09-22T17:17:19.226" classname="StringTest" />
    <testcase name="StringVector" file="/Users/igor/Desktop/GameAppsAi/FastEngine/tests/unit/simple_string_test.cpp" line="44" status="run" result="completed" time="0." timestamp="2025-09-22T17:17:19.226" classname="StringTest" />
  </testsuite>
  <testsuite name="EngineFixedTest" tests="14" failures="0" disabled="0" skipped="0" errors="0" time="0.076" timestamp="2025-09-22T17:17:19.226">
    <testcase name="PointerOperationsPerformance" file="/Users/igor/Desktop/GameAppsAi/FastEngine/tests/unit/engine_fixed_test.cpp" line="26" status="run" result="completed" time="0.009" timestamp="2025-09-22T17:17:19.226" classname="EngineFixedTest" />
    <testcase name="FunctionCallPerformance" file="/Users/igor/Desktop/GameAppsAi/FastEngine/tests/unit/engine_fixed_test.cpp" line="52" status="run" result="completed" time="0.001" timestamp="2025-09-22T17:17:19.235" classname="EngineFixedTest" />
    <testcase name="ObjectCreationPerformance" file="/Users/igor/Desktop/GameAppsAi/FastEngine/tests/unit/engine_fixed_test.cpp" line="75" status="run" result="completed" time="0." timestamp="2025-09-22T17:17:19.237" classname="EngineFixedTest" />
    <testcase name="MathOperationsPerformance" file="/Users/igor/Desktop/GameAppsAi/FastEngine/tests/unit/engine_fixed_test.cpp" line="94" status="run" result="completed" time="0.005" timestamp="2025-09-22T17:17:19.238" classname="EngineFixedTest" />
    <testcase name="MemoryAllocationPerformance" file="/Users/igor/Desktop/GameAppsAi/FastEngine/tests/unit/engine_fixed_test.cpp" line="113" status="run" result="completed" time="0." timestamp="2025-09-22T17:17:19.243" classname="EngineFixedTest" />
    <testcase name="VectorOperationsPerformance" file="/Users/igor/Desktop/GameAppsAi/FastEngine/tests/unit/engine_fixed_test.cpp" line="133" status="run" result="completed" time="0.004" timestamp="2025-09-22T17:17:19.244" classname="EngineFixedTest" />
    <testcase name="StringOperationsPerformance" file="/Users/igor/Desktop/GameAppsAi/FastEngine/tests/unit/engine_fixed_test.cpp" line="160" status="run" result="completed" time="0." timestamp="2025-09-22T17:17:19.248" classname="EngineFixedTest" />
    <testcase name="MultithreadingPerformance" file="/Users/igor/Desktop/GameAppsAi/FastEngine/tests/unit/engine_fixed_test.cpp" line="179" status="run" result="completed" time="0." timestamp="2025-09-22T17:17:19.248" classname="EngineFixedTest" />
    <testcase name="FileOperationsPerformance" file="/Users/igor/Desktop/GameAppsAi/FastEngine/tests/unit/engine_fixed_test.cpp" line="212" status="run" result="completed" time="0.009" timestamp="2025-09-22T17:17:19.249" classname="EngineFixedTest" />
    <testcase name="ContainerOperationsPerformance" file="/Users/igor/Desktop/GameAppsAi/FastEngine/tests/unit/engine_fixed_test.cpp" line="250" status="run" result="completed" time="0.036" timestamp="2025-09-22T17:17:19.258" classname="EngineFixedTest" />
    <testcase name="ClassOperationsPerformance" file="/Users/igor/Desktop/GameAppsAi/FastEngine/tests/unit/engine_fixed_test.cpp" line="282" status="run" result="completed" time="0.003" timestamp="2025-09-22T17:17:19.295" classname="EngineFixedTest" />
    <testcase name="AlgorithmPerformance" file="/Users/igor/Desktop/GameAppsAi/FastEngine/tests/unit/engine_fixed_test.cpp" line="318" status="run" result="completed" time="0.004" timestamp="2025-09-22T17:17:19.298" classname="EngineFixedTest" />
    <testcase name="OverflowSafety" file="/Users/igor/Desktop/GameAppsAi/FastEngine/tests/unit/engine_fixed_test.cpp" line="345" status="run" result="completed" time="0." timestamp="2025-09-22T17:17:19.303" classname="EngineFixedTest" />
    <testcase name="LargeNumberPerformance" file="/Users/igor/Desktop/GameAppsAi/FastEngine/tests/unit/engine_fixed_test.cpp" line="363" status="run" result="completed" time="0." timestamp="2025-09-22T17:17:19.303" classname="EngineFixedTest" />
  </testsuite>
</testsuites>
