<?xml version="1.0" encoding="UTF-8"?>
<testsuites tests="20" failures="2" disabled="0" errors="0" time="0.077" timestamp="2025-09-22T17:15:39.064" name="AllTests">
  <testsuite name="MathTest" tests="4" failures="0" disabled="0" skipped="0" errors="0" time="0." timestamp="2025-09-22T17:15:39.064">
    <testcase name="BasicArithmetic" file="/Users/igor/Desktop/GameAppsAi/FastEngine/tests/unit/simple_math_test.cpp" line="17" status="run" result="completed" time="0." timestamp="2025-09-22T17:15:39.064" classname="MathTest" />
    <testcase name="MathFunctions" file="/Users/igor/Desktop/GameAppsAi/FastEngine/tests/unit/simple_math_test.cpp" line="25" status="run" result="completed" time="0." timestamp="2025-09-22T17:15:39.064" classname="MathTest" />
    <testcase name="FloatingPoint" file="/Users/igor/Desktop/GameAppsAi/FastEngine/tests/unit/simple_math_test.cpp" line="33" status="run" result="completed" time="0." timestamp="2025-09-22T17:15:39.064" classname="MathTest" />
    <testcase name="EdgeCases" file="/Users/igor/Desktop/GameAppsAi/FastEngine/tests/unit/simple_math_test.cpp" line="39" status="run" result="completed" time="0." timestamp="2025-09-22T17:15:39.064" classname="MathTest" />
  </testsuite>
  <testsuite name="StringTest" tests="4" failures="0" disabled="0" skipped="0" errors="0" time="0." timestamp="2025-09-22T17:15:39.064">
    <testcase name="BasicOperations" file="/Users/igor/Desktop/GameAppsAi/FastEngine/tests/unit/simple_string_test.cpp" line="20" status="run" result="completed" time="0." timestamp="2025-09-22T17:15:39.064" classname="StringTest" />
    <testcase name="StringSearch" file="/Users/igor/Desktop/GameAppsAi/FastEngine/tests/unit/simple_string_test.cpp" line="27" status="run" result="completed" time="0." timestamp="2025-09-22T17:15:39.064" classname="StringTest" />
    <testcase name="StringModification" file="/Users/igor/Desktop/GameAppsAi/FastEngine/tests/unit/simple_string_test.cpp" line="34" status="run" result="completed" time="0." timestamp="2025-09-22T17:15:39.064" classname="StringTest" />
    <testcase name="StringVector" file="/Users/igor/Desktop/GameAppsAi/FastEngine/tests/unit/simple_string_test.cpp" line="44" status="run" result="completed" time="0." timestamp="2025-09-22T17:15:39.064" classname="StringTest" />
  </testsuite>
  <testsuite name="EngineBasicTest" tests="12" failures="2" disabled="0" skipped="0" errors="0" time="0.077" timestamp="2025-09-22T17:15:39.064">
    <testcase name="ObjectCreationPerformance" file="/Users/igor/Desktop/GameAppsAi/FastEngine/tests/unit/engine_basic_test.cpp" line="26" status="run" result="completed" time="0.001" timestamp="2025-09-22T17:15:39.064" classname="EngineBasicTest" />
    <testcase name="MathOperationsPerformance" file="/Users/igor/Desktop/GameAppsAi/FastEngine/tests/unit/engine_basic_test.cpp" line="45" status="run" result="completed" time="0.005" timestamp="2025-09-22T17:15:39.065" classname="EngineBasicTest" />
    <testcase name="MemoryAllocationPerformance" file="/Users/igor/Desktop/GameAppsAi/FastEngine/tests/unit/engine_basic_test.cpp" line="64" status="run" result="completed" time="0." timestamp="2025-09-22T17:15:39.071" classname="EngineBasicTest" />
    <testcase name="VectorOperationsPerformance" file="/Users/igor/Desktop/GameAppsAi/FastEngine/tests/unit/engine_basic_test.cpp" line="84" status="run" result="completed" time="0.004" timestamp="2025-09-22T17:15:39.071" classname="EngineBasicTest" />
    <testcase name="StringOperationsPerformance" file="/Users/igor/Desktop/GameAppsAi/FastEngine/tests/unit/engine_basic_test.cpp" line="111" status="run" result="completed" time="0." timestamp="2025-09-22T17:15:39.076" classname="EngineBasicTest" />
    <testcase name="MultithreadingPerformance" file="/Users/igor/Desktop/GameAppsAi/FastEngine/tests/unit/engine_basic_test.cpp" line="130" status="run" result="completed" time="0." timestamp="2025-09-22T17:15:39.077" classname="EngineBasicTest" />
    <testcase name="FileOperationsPerformance" file="/Users/igor/Desktop/GameAppsAi/FastEngine/tests/unit/engine_basic_test.cpp" line="163" status="run" result="completed" time="0.009" timestamp="2025-09-22T17:15:39.077" classname="EngineBasicTest" />
    <testcase name="ContainerOperationsPerformance" file="/Users/igor/Desktop/GameAppsAi/FastEngine/tests/unit/engine_basic_test.cpp" line="201" status="run" result="completed" time="0.037" timestamp="2025-09-22T17:15:39.087" classname="EngineBasicTest" />
    <testcase name="PointerOperationsPerformance" file="/Users/igor/Desktop/GameAppsAi/FastEngine/tests/unit/engine_basic_test.cpp" line="233" status="run" result="completed" time="0.007" timestamp="2025-09-22T17:15:39.125" classname="EngineBasicTest">
      <failure message="/Users/igor/Desktop/GameAppsAi/FastEngine/tests/unit/engine_basic_test.cpp:254&#x0A;Expected: (duration.count()) &lt; (5000), actual: 5094 vs 5000&#x0A;" type=""><![CDATA[/Users/igor/Desktop/GameAppsAi/FastEngine/tests/unit/engine_basic_test.cpp:254
Expected: (duration.count()) < (5000), actual: 5094 vs 5000
]]></failure>
    </testcase>
    <testcase name="FunctionCallPerformance" file="/Users/igor/Desktop/GameAppsAi/FastEngine/tests/unit/engine_basic_test.cpp" line="259" status="run" result="completed" time="0.001" timestamp="2025-09-22T17:15:39.132" classname="EngineBasicTest">
      <failure message="/Users/igor/Desktop/GameAppsAi/FastEngine/tests/unit/engine_basic_test.cpp:278&#x0A;Expected: (result) &gt; (0), actual: -1927528640 vs 0&#x0A;" type=""><![CDATA[/Users/igor/Desktop/GameAppsAi/FastEngine/tests/unit/engine_basic_test.cpp:278
Expected: (result) > (0), actual: -1927528640 vs 0
]]></failure>
    </testcase>
    <testcase name="ClassOperationsPerformance" file="/Users/igor/Desktop/GameAppsAi/FastEngine/tests/unit/engine_basic_test.cpp" line="282" status="run" result="completed" time="0.003" timestamp="2025-09-22T17:15:39.134" classname="EngineBasicTest" />
    <testcase name="AlgorithmPerformance" file="/Users/igor/Desktop/GameAppsAi/FastEngine/tests/unit/engine_basic_test.cpp" line="318" status="run" result="completed" time="0.004" timestamp="2025-09-22T17:15:39.137" classname="EngineBasicTest" />
  </testsuite>
</testsuites>
